build/outputs/logs/manifest-merger-release-report.txt
-- Merging decision tree log ---
action#org.lineageos.eleven.AUDIO_PLAYER
INJECTED from Downloads\ElevenMT\AndroidManifest-gradle.xml:91:17-72
	android:name
		INJECTED from Downloads\ElevenMT\AndroidManifest-gradle.xml
		ADDED from Downloads\ElevenMT\AndroidManifest-gradle.xml:91:25-69
manifest
ADDED from Downloads\ElevenMT\AndroidManifest-gradle.xml:18:1-201:12
INJECTED from Downloads\ElevenMT\AndroidManifest-gradle.xml:18:1-201:12
INJECTED from Downloads\ElevenMT\AndroidManifest-gradle.xml:18:1-201:12
INJECTED from Downloads\ElevenMT\AndroidManifest-gradle.xml:18:1-201:12
MERGED from [androidx.preference:preference:1.1.1] AndroidManifest.xml:17:1-24:12
MERGED from [com.google.android.material:material:1.2.0-alpha06] AndroidManifest.xml:17:1-24:12
MERGED from [androidx.appcompat:appcompat:1.2.0-beta01] AndroidManifest.xml:17:1-24:12
MERGED from [androidx.cardview:cardview:1.0.0] AndroidManifest.xml:17:1-22:12
MERGED from [androidx.palette:palette:1.0.0] AndroidManifest.xml:17:1-22:12
MERGED from [androidx.viewpager2:viewpager2:1.0.0] AndroidManifest.xml:17:1-24:12
MERGED from [androidx.recyclerview:recyclerview:1.1.0] AndroidManifest.xml:17:1-24:12
MERGED from [androidx.constraintlayout:constraintlayout:1.1.3] AndroidManifest.xml:2:1-11:12
MERGED from [androidx.appcompat:appcompat-resources:1.2.0-beta01] AndroidManifest.xml:17:1-24:12
MERGED from [androidx.drawerlayout:drawerlayout:1.0.0] AndroidManifest.xml:17:1-22:12
MERGED from [androidx.legacy:legacy-support-core-utils:1.0.0] AndroidManifest.xml:17:1-22:12
MERGED from [androidx.fragment:fragment:1.2.4] AndroidManifest.xml:17:1-24:12
MERGED from [androidx.coordinatorlayout:coordinatorlayout:1.1.0] AndroidManifest.xml:17:1-24:12
MERGED from [androidx.viewpager:viewpager:1.0.0] AndroidManifest.xml:17:1-22:12
MERGED from [androidx.customview:customview:1.0.0] AndroidManifest.xml:17:1-22:12
MERGED from [androidx.transition:transition:1.2.0] AndroidManifest.xml:17:1-24:12
MERGED from [androidx.vectordrawable:vectordrawable-animated:1.1.0] AndroidManifest.xml:17:1-24:12
MERGED from [androidx.vectordrawable:vectordrawable:1.1.0] AndroidManifest.xml:17:1-24:12
MERGED from [androidx.loader:loader:1.0.0] AndroidManifest.xml:17:1-22:12
MERGED from [androidx.activity:activity:1.1.0] AndroidManifest.xml:17:1-24:12
MERGED from [androidx.core:core:1.3.0-beta01] AndroidManifest.xml:17:1-26:12
MERGED from [androidx.cursoradapter:cursoradapter:1.0.0] AndroidManifest.xml:17:1-22:12
MERGED from [androidx.versionedparcelable:versionedparcelable:1.1.0] AndroidManifest.xml:17:1-27:12
MERGED from [androidx.documentfile:documentfile:1.0.0] AndroidManifest.xml:17:1-22:12
MERGED from [androidx.localbroadcastmanager:localbroadcastmanager:1.0.0] AndroidManifest.xml:17:1-22:12
MERGED from [androidx.print:print:1.0.0] AndroidManifest.xml:17:1-22:12
MERGED from [androidx.lifecycle:lifecycle-viewmodel-savedstate:2.2.0] AndroidManifest.xml:17:1-24:12
MERGED from [androidx.lifecycle:lifecycle-viewmodel:2.2.0] AndroidManifest.xml:17:1-24:12
MERGED from [androidx.interpolator:interpolator:1.0.0] AndroidManifest.xml:17:1-22:12
MERGED from [androidx.lifecycle:lifecycle-runtime:2.2.0] AndroidManifest.xml:17:1-24:12
MERGED from [androidx.savedstate:savedstate:1.0.0] AndroidManifest.xml:17:1-24:12
MERGED from [androidx.lifecycle:lifecycle-livedata:2.0.0] AndroidManifest.xml:17:1-22:12
MERGED from [androidx.lifecycle:lifecycle-livedata-core:2.2.0] AndroidManifest.xml:17:1-24:12
MERGED from [androidx.arch.core:core-runtime:2.1.0] AndroidManifest.xml:17:1-24:12
MERGED from [androidx.annotation:annotation-experimental:1.0.0] AndroidManifest.xml:17:1-24:12
INJECTED from Downloads\ElevenMT\AndroidManifest-gradle.xml:18:1-201:12
INJECTED from Downloads\ElevenMT\AndroidManifest-gradle.xml:18:1-201:12
INJECTED from Downloads\ElevenMT\AndroidManifest-gradle.xml:18:1-201:12
	package
		ADDED from Downloads\ElevenMT\AndroidManifest-gradle.xml:19:5-35
		INJECTED from Downloads\ElevenMT\AndroidManifest-gradle.xml
		INJECTED from Downloads\ElevenMT\AndroidManifest-gradle.xml
	android:versionName
		ADDED from Downloads\ElevenMT\AndroidManifest-gradle.xml:21:5-32
		INJECTED from Downloads\ElevenMT\AndroidManifest-gradle.xml
		INJECTED from Downloads\ElevenMT\AndroidManifest-gradle.xml
	xmlns:android
		ADDED from Downloads\ElevenMT\AndroidManifest-gradle.xml:18:11-69
	android:versionCode
		ADDED from Downloads\ElevenMT\AndroidManifest-gradle.xml:20:5-30
		INJECTED from Downloads\ElevenMT\AndroidManifest-gradle.xml
		INJECTED from Downloads\ElevenMT\AndroidManifest-gradle.xml
uses-permission#android.permission.WRITE_EXTERNAL_STORAGE
ADDED from Downloads\ElevenMT\AndroidManifest-gradle.xml:24:5-81
	android:name
		ADDED from Downloads\ElevenMT\AndroidManifest-gradle.xml:24:22-78
uses-permission#android.permission.ACCESS_NETWORK_STATE
ADDED from Downloads\ElevenMT\AndroidManifest-gradle.xml:26:5-79
	android:name
		ADDED from Downloads\ElevenMT\AndroidManifest-gradle.xml:26:22-76
uses-permission#android.permission.INTERNET
ADDED from Downloads\ElevenMT\AndroidManifest-gradle.xml:28:5-67
	android:name
		ADDED from Downloads\ElevenMT\AndroidManifest-gradle.xml:28:22-64
uses-permission#android.permission.WAKE_LOCK
ADDED from Downloads\ElevenMT\AndroidManifest-gradle.xml:30:5-68
	android:name
		ADDED from Downloads\ElevenMT\AndroidManifest-gradle.xml:30:22-65
uses-permission#android.permission.BROADCAST_STICKY
ADDED from Downloads\ElevenMT\AndroidManifest-gradle.xml:32:5-75
	android:name
		ADDED from Downloads\ElevenMT\AndroidManifest-gradle.xml:32:22-72
uses-permission#android.permission.READ_PHONE_STATE
ADDED from Downloads\ElevenMT\AndroidManifest-gradle.xml:34:5-75
	android:name
		ADDED from Downloads\ElevenMT\AndroidManifest-gradle.xml:34:22-72
uses-permission#android.permission.WRITE_SETTINGS
ADDED from Downloads\ElevenMT\AndroidManifest-gradle.xml:36:5-73
	android:name
		ADDED from Downloads\ElevenMT\AndroidManifest-gradle.xml:36:22-70
uses-permission#com.android.launcher.permission.INSTALL_SHORTCUT
ADDED from Downloads\ElevenMT\AndroidManifest-gradle.xml:38:5-88
	android:name
		ADDED from Downloads\ElevenMT\AndroidManifest-gradle.xml:38:22-85
uses-permission#android.permission.READ_EXTERNAL_STORAGE
ADDED from Downloads\ElevenMT\AndroidManifest-gradle.xml:40:5-79
	android:name
		ADDED from Downloads\ElevenMT\AndroidManifest-gradle.xml:40:22-77
uses-permission#android.permission.WRITE_MEDIA_STORAGE
ADDED from Downloads\ElevenMT\AndroidManifest-gradle.xml:42:5-78
	android:name
		ADDED from Downloads\ElevenMT\AndroidManifest-gradle.xml:42:22-75
uses-permission#android.permission.RECORD_AUDIO
ADDED from Downloads\ElevenMT\AndroidManifest-gradle.xml:45:5-71
	android:name
		ADDED from Downloads\ElevenMT\AndroidManifest-gradle.xml:45:22-68
uses-permission#android.permission.MODIFY_AUDIO_SETTINGS
ADDED from Downloads\ElevenMT\AndroidManifest-gradle.xml:46:5-80
	android:name
		ADDED from Downloads\ElevenMT\AndroidManifest-gradle.xml:46:22-77
uses-permission#android.permission.FOREGROUND_SERVICE
ADDED from Downloads\ElevenMT\AndroidManifest-gradle.xml:49:5-77
	android:name
		ADDED from Downloads\ElevenMT\AndroidManifest-gradle.xml:49:22-74
uses-feature#android.hardware.sensor.accelerometer
ADDED from Downloads\ElevenMT\AndroidManifest-gradle.xml:52:5-74
	android:name
		ADDED from Downloads\ElevenMT\AndroidManifest-gradle.xml:52:19-71
application
ADDED from Downloads\ElevenMT\AndroidManifest-gradle.xml:54:5-199:19
MERGED from [com.google.android.material:material:1.2.0-alpha06] AndroidManifest.xml:22:5-20
MERGED from [com.google.android.material:material:1.2.0-alpha06] AndroidManifest.xml:22:5-20
MERGED from [androidx.constraintlayout:constraintlayout:1.1.3] AndroidManifest.xml:9:5-20
MERGED from [androidx.constraintlayout:constraintlayout:1.1.3] AndroidManifest.xml:9:5-20
MERGED from [androidx.core:core:1.3.0-beta01] AndroidManifest.xml:24:5-89
MERGED from [androidx.core:core:1.3.0-beta01] AndroidManifest.xml:24:5-89
MERGED from [androidx.versionedparcelable:versionedparcelable:1.1.0] AndroidManifest.xml:24:5-25:19
MERGED from [androidx.versionedparcelable:versionedparcelable:1.1.0] AndroidManifest.xml:24:5-25:19
	android:appComponentFactory
		ADDED from [androidx.core:core:1.3.0-beta01] AndroidManifest.xml:24:18-86
	android:label
		ADDED from Downloads\ElevenMT\AndroidManifest-gradle.xml:61:9-41
	android:hardwareAccelerated
		ADDED from Downloads\ElevenMT\AndroidManifest-gradle.xml:58:9-71
	android:appCategory
		ADDED from Downloads\ElevenMT\AndroidManifest-gradle.xml:59:9-36
	android:allowTaskReparenting
		ADDED from Downloads\ElevenMT\AndroidManifest-gradle.xml:57:9-44
	android:largeHeap
		ADDED from Downloads\ElevenMT\AndroidManifest-gradle.xml:62:9-51
	android:icon
		ADDED from Downloads\ElevenMT\AndroidManifest-gradle.xml:60:9-43
	android:allowBackup
		ADDED from Downloads\ElevenMT\AndroidManifest-gradle.xml:56:9-35
	android:theme
		ADDED from Downloads\ElevenMT\AndroidManifest-gradle.xml:64:9-44
	android:taskAffinity
		ADDED from Downloads\ElevenMT\AndroidManifest-gradle.xml:63:9-57
	android:name
		ADDED from Downloads\ElevenMT\AndroidManifest-gradle.xml:55:9-62
activity#org.lineageos.eleven.ui.activities.HomeActivity
ADDED from Downloads\ElevenMT\AndroidManifest-gradle.xml:67:9-95:20
	android:launchMode
		ADDED from Downloads\ElevenMT\AndroidManifest-gradle.xml:70:13-43
	android:windowSoftInputMode
		ADDED from Downloads\ElevenMT\AndroidManifest-gradle.xml:69:13-52
	android:exported
		ADDED from Downloads\ElevenMT\AndroidManifest-gradle.xml:71:13-36
	android:theme
		ADDED from Downloads\ElevenMT\AndroidManifest-gradle.xml:72:13-66
	android:name
		ADDED from Downloads\ElevenMT\AndroidManifest-gradle.xml:68:13-75
intent-filter#action:name:android.intent.action.MAIN+action:name:android.intent.action.MUSIC_PLAYER+category:name:android.intent.category.APP_MUSIC+category:name:android.intent.category.DEFAULT+category:name:android.intent.category.LAUNCHER
ADDED from Downloads\ElevenMT\AndroidManifest-gradle.xml:73:13-80:29
action#android.intent.action.MAIN
ADDED from Downloads\ElevenMT\AndroidManifest-gradle.xml:74:17-69
	android:name
		ADDED from Downloads\ElevenMT\AndroidManifest-gradle.xml:74:25-66
action#android.intent.action.MUSIC_PLAYER
ADDED from Downloads\ElevenMT\AndroidManifest-gradle.xml:75:17-77
	android:name
		ADDED from Downloads\ElevenMT\AndroidManifest-gradle.xml:75:25-74
category#android.intent.category.LAUNCHER
ADDED from Downloads\ElevenMT\AndroidManifest-gradle.xml:77:17-77
	android:name
		ADDED from Downloads\ElevenMT\AndroidManifest-gradle.xml:77:27-74
category#android.intent.category.APP_MUSIC
ADDED from Downloads\ElevenMT\AndroidManifest-gradle.xml:78:17-78
	android:name
		ADDED from Downloads\ElevenMT\AndroidManifest-gradle.xml:78:27-75
category#android.intent.category.DEFAULT
ADDED from Downloads\ElevenMT\AndroidManifest-gradle.xml:79:17-76
	android:name
		ADDED from Downloads\ElevenMT\AndroidManifest-gradle.xml:79:27-73
intent-filter#action:name:android.intent.action.VIEW+category:name:android.intent.category.DEFAULT+data:mimeType:vnd.android.cursor.dir/albums+data:mimeType:vnd.android.cursor.dir/artists+data:mimeType:vnd.android.cursor.dir/playlist
ADDED from Downloads\ElevenMT\AndroidManifest-gradle.xml:81:13-89:29
action#android.intent.action.VIEW
ADDED from Downloads\ElevenMT\AndroidManifest-gradle.xml:82:17-69
	android:name
		ADDED from Downloads\ElevenMT\AndroidManifest-gradle.xml:82:25-66
data
ADDED from Downloads\ElevenMT\AndroidManifest-gradle.xml:86:17-76
	android:scheme
		ADDED from Downloads\ElevenMT\AndroidManifest-gradle.xml:113:23-47
	android:mimeType
		ADDED from Downloads\ElevenMT\AndroidManifest-gradle.xml:86:23-73
intent-filter#action:name:org.lineageos.eleven.AUDIO_PLAYER+category:name:android.intent.category.DEFAULT
ADDED from Downloads\ElevenMT\AndroidManifest-gradle.xml:90:13-94:29
activity#org.lineageos.eleven.ui.activities.SettingsActivity
ADDED from Downloads\ElevenMT\AndroidManifest-gradle.xml:98:9-100:52
	android:label
		ADDED from Downloads\ElevenMT\AndroidManifest-gradle.xml:100:13-50
	android:name
		ADDED from Downloads\ElevenMT\AndroidManifest-gradle.xml:99:13-79
activity#org.lineageos.eleven.ui.activities.preview.AudioPreviewActivity
ADDED from Downloads\ElevenMT\AndroidManifest-gradle.xml:102:9-142:20
	android:excludeFromRecents
		ADDED from Downloads\ElevenMT\AndroidManifest-gradle.xml:105:13-46
	android:launchMode
		ADDED from Downloads\ElevenMT\AndroidManifest-gradle.xml:104:13-44
	android:theme
		ADDED from Downloads\ElevenMT\AndroidManifest-gradle.xml:107:13-54
	android:taskAffinity
		ADDED from Downloads\ElevenMT\AndroidManifest-gradle.xml:106:13-36
	android:name
		ADDED from Downloads\ElevenMT\AndroidManifest-gradle.xml:103:13-71
intent-filter#action:name:android.intent.action.VIEW+category:name:android.intent.category.DEFAULT+data:mimeType:application/itunes+data:mimeType:application/ogg+data:mimeType:application/x-ogg+data:mimeType:audio/*+data:scheme:content
ADDED from Downloads\ElevenMT\AndroidManifest-gradle.xml:108:13-118:29
intent-filter#action:name:android.intent.action.VIEW+category:name:android.intent.category.DEFAULT+data:mimeType:application/itunes+data:mimeType:application/ogg+data:mimeType:application/x-ogg+data:mimeType:audio/*+data:scheme:file
ADDED from Downloads\ElevenMT\AndroidManifest-gradle.xml:119:13-129:29
intent-filter#action:name:android.intent.action.VIEW+category:name:android.intent.category.BROWSABLE+category:name:android.intent.category.DEFAULT+data:mimeType:application/itunes+data:mimeType:application/ogg+data:mimeType:application/x-ogg+data:mimeType:audio/*+data:scheme:http
ADDED from Downloads\ElevenMT\AndroidManifest-gradle.xml:130:13-141:29
category#android.intent.category.BROWSABLE
ADDED from Downloads\ElevenMT\AndroidManifest-gradle.xml:134:17-78
	android:name
		ADDED from Downloads\ElevenMT\AndroidManifest-gradle.xml:134:27-75
receiver#org.lineageos.eleven.appwidgets.AppWidgetSmall
ADDED from Downloads\ElevenMT\AndroidManifest-gradle.xml:144:9-155:20
	android:label
		ADDED from Downloads\ElevenMT\AndroidManifest-gradle.xml:147:13-53
	android:exported
		ADDED from Downloads\ElevenMT\AndroidManifest-gradle.xml:146:13-37
	android:name
		ADDED from Downloads\ElevenMT\AndroidManifest-gradle.xml:145:13-74
intent-filter#action:name:android.appwidget.action.APPWIDGET_UPDATE
ADDED from Downloads\ElevenMT\AndroidManifest-gradle.xml:148:13-150:29
action#android.appwidget.action.APPWIDGET_UPDATE
ADDED from Downloads\ElevenMT\AndroidManifest-gradle.xml:149:17-84
	android:name
		ADDED from Downloads\ElevenMT\AndroidManifest-gradle.xml:149:25-81
meta-data#android.appwidget.provider
ADDED from Downloads\ElevenMT\AndroidManifest-gradle.xml:152:13-154:60
	android:resource
		ADDED from Downloads\ElevenMT\AndroidManifest-gradle.xml:154:17-57
	android:name
		ADDED from Downloads\ElevenMT\AndroidManifest-gradle.xml:153:17-58
receiver#org.lineageos.eleven.appwidgets.AppWidgetLarge
ADDED from Downloads\ElevenMT\AndroidManifest-gradle.xml:157:9-168:20
	android:label
		ADDED from Downloads\ElevenMT\AndroidManifest-gradle.xml:160:13-53
	android:exported
		ADDED from Downloads\ElevenMT\AndroidManifest-gradle.xml:159:13-37
	android:name
		ADDED from Downloads\ElevenMT\AndroidManifest-gradle.xml:158:13-74
receiver#org.lineageos.eleven.appwidgets.AppWidgetLargeAlternate
ADDED from Downloads\ElevenMT\AndroidManifest-gradle.xml:170:9-181:20
	android:label
		ADDED from Downloads\ElevenMT\AndroidManifest-gradle.xml:173:13-57
	android:exported
		ADDED from Downloads\ElevenMT\AndroidManifest-gradle.xml:172:13-37
	android:name
		ADDED from Downloads\ElevenMT\AndroidManifest-gradle.xml:171:13-83
receiver#org.lineageos.eleven.MediaButtonIntentReceiver
ADDED from Downloads\ElevenMT\AndroidManifest-gradle.xml:183:9-187:20
	android:name
		ADDED from Downloads\ElevenMT\AndroidManifest-gradle.xml:183:19-80
intent-filter#action:name:android.intent.action.MEDIA_BUTTON
ADDED from Downloads\ElevenMT\AndroidManifest-gradle.xml:184:13-186:29
action#android.intent.action.MEDIA_BUTTON
ADDED from Downloads\ElevenMT\AndroidManifest-gradle.xml:185:17-77
	android:name
		ADDED from Downloads\ElevenMT\AndroidManifest-gradle.xml:185:25-74
receiver#org.lineageos.eleven.locale.LocaleChangeReceiver
ADDED from Downloads\ElevenMT\AndroidManifest-gradle.xml:189:9-193:20
	android:name
		ADDED from Downloads\ElevenMT\AndroidManifest-gradle.xml:189:19-62
intent-filter#action:name:android.intent.action.LOCALE_CHANGED
ADDED from Downloads\ElevenMT\AndroidManifest-gradle.xml:190:13-192:29
action#android.intent.action.LOCALE_CHANGED
ADDED from Downloads\ElevenMT\AndroidManifest-gradle.xml:191:17-78
	android:name
		ADDED from Downloads\ElevenMT\AndroidManifest-gradle.xml:191:25-76
service#org.lineageos.eleven.MusicPlaybackService
ADDED from Downloads\ElevenMT\AndroidManifest-gradle.xml:195:9-198:39
	android:process
		ADDED from Downloads\ElevenMT\AndroidManifest-gradle.xml:198:13-36
	android:label
		ADDED from Downloads\ElevenMT\AndroidManifest-gradle.xml:197:13-45
	android:name
		ADDED from Downloads\ElevenMT\AndroidManifest-gradle.xml:196:13-69
uses-sdk
INJECTED from Downloads\ElevenMT\AndroidManifest-gradle.xml reason: use-sdk injection requested
INJECTED from Downloads\ElevenMT\AndroidManifest-gradle.xml
INJECTED from Downloads\ElevenMT\AndroidManifest-gradle.xml
MERGED from [androidx.preference:preference:1.1.1] AndroidManifest.xml:20:5-22:41
MERGED from [androidx.preference:preference:1.1.1] AndroidManifest.xml:20:5-22:41
MERGED from [com.google.android.material:material:1.2.0-alpha06] AndroidManifest.xml:20:5-44
MERGED from [com.google.android.material:material:1.2.0-alpha06] AndroidManifest.xml:20:5-44
MERGED from [androidx.appcompat:appcompat:1.2.0-beta01] AndroidManifest.xml:20:5-22:41
MERGED from [androidx.appcompat:appcompat:1.2.0-beta01] AndroidManifest.xml:20:5-22:41
MERGED from [androidx.cardview:cardview:1.0.0] AndroidManifest.xml:20:5-44
MERGED from [androidx.cardview:cardview:1.0.0] AndroidManifest.xml:20:5-44
MERGED from [androidx.palette:palette:1.0.0] AndroidManifest.xml:20:5-44
MERGED from [androidx.palette:palette:1.0.0] AndroidManifest.xml:20:5-44
MERGED from [androidx.viewpager2:viewpager2:1.0.0] AndroidManifest.xml:20:5-22:41
MERGED from [androidx.viewpager2:viewpager2:1.0.0] AndroidManifest.xml:20:5-22:41
MERGED from [androidx.recyclerview:recyclerview:1.1.0] AndroidManifest.xml:20:5-22:41
MERGED from [androidx.recyclerview:recyclerview:1.1.0] AndroidManifest.xml:20:5-22:41
MERGED from [androidx.constraintlayout:constraintlayout:1.1.3] AndroidManifest.xml:5:5-7:41
MERGED from [androidx.constraintlayout:constraintlayout:1.1.3] AndroidManifest.xml:5:5-7:41
MERGED from [androidx.appcompat:appcompat-resources:1.2.0-beta01] AndroidManifest.xml:20:5-22:41
MERGED from [androidx.appcompat:appcompat-resources:1.2.0-beta01] AndroidManifest.xml:20:5-22:41
MERGED from [androidx.drawerlayout:drawerlayout:1.0.0] AndroidManifest.xml:20:5-44
MERGED from [androidx.drawerlayout:drawerlayout:1.0.0] AndroidManifest.xml:20:5-44
MERGED from [androidx.legacy:legacy-support-core-utils:1.0.0] AndroidManifest.xml:20:5-44
MERGED from [androidx.legacy:legacy-support-core-utils:1.0.0] AndroidManifest.xml:20:5-44
MERGED from [androidx.fragment:fragment:1.2.4] AndroidManifest.xml:20:5-22:41
MERGED from [androidx.fragment:fragment:1.2.4] AndroidManifest.xml:20:5-22:41
MERGED from [androidx.coordinatorlayout:coordinatorlayout:1.1.0] AndroidManifest.xml:20:5-22:41
MERGED from [androidx.coordinatorlayout:coordinatorlayout:1.1.0] AndroidManifest.xml:20:5-22:41
MERGED from [androidx.viewpager:viewpager:1.0.0] AndroidManifest.xml:20:5-44
MERGED from [androidx.viewpager:viewpager:1.0.0] AndroidManifest.xml:20:5-44
MERGED from [androidx.customview:customview:1.0.0] AndroidManifest.xml:20:5-44
MERGED from [androidx.customview:customview:1.0.0] AndroidManifest.xml:20:5-44
MERGED from [androidx.transition:transition:1.2.0] AndroidManifest.xml:20:5-22:41
MERGED from [androidx.transition:transition:1.2.0] AndroidManifest.xml:20:5-22:41
MERGED from [androidx.vectordrawable:vectordrawable-animated:1.1.0] AndroidManifest.xml:20:5-22:41
MERGED from [androidx.vectordrawable:vectordrawable-animated:1.1.0] AndroidManifest.xml:20:5-22:41
MERGED from [androidx.vectordrawable:vectordrawable:1.1.0] AndroidManifest.xml:20:5-22:41
MERGED from [androidx.vectordrawable:vectordrawable:1.1.0] AndroidManifest.xml:20:5-22:41
MERGED from [androidx.loader:loader:1.0.0] AndroidManifest.xml:20:5-44
MERGED from [androidx.loader:loader:1.0.0] AndroidManifest.xml:20:5-44
MERGED from [androidx.activity:activity:1.1.0] AndroidManifest.xml:20:5-22:41
MERGED from [androidx.activity:activity:1.1.0] AndroidManifest.xml:20:5-22:41
MERGED from [androidx.core:core:1.3.0-beta01] AndroidManifest.xml:20:5-22:41
MERGED from [androidx.core:core:1.3.0-beta01] AndroidManifest.xml:20:5-22:41
MERGED from [androidx.cursoradapter:cursoradapter:1.0.0] AndroidManifest.xml:20:5-44
MERGED from [androidx.cursoradapter:cursoradapter:1.0.0] AndroidManifest.xml:20:5-44
MERGED from [androidx.versionedparcelable:versionedparcelable:1.1.0] AndroidManifest.xml:20:5-22:41
MERGED from [androidx.versionedparcelable:versionedparcelable:1.1.0] AndroidManifest.xml:20:5-22:41
MERGED from [androidx.documentfile:documentfile:1.0.0] AndroidManifest.xml:20:5-44
MERGED from [androidx.documentfile:documentfile:1.0.0] AndroidManifest.xml:20:5-44
MERGED from [androidx.localbroadcastmanager:localbroadcastmanager:1.0.0] AndroidManifest.xml:20:5-44
MERGED from [androidx.localbroadcastmanager:localbroadcastmanager:1.0.0] AndroidManifest.xml:20:5-44
MERGED from [androidx.print:print:1.0.0] AndroidManifest.xml:20:5-44
MERGED from [androidx.print:print:1.0.0] AndroidManifest.xml:20:5-44
MERGED from [androidx.lifecycle:lifecycle-viewmodel-savedstate:2.2.0] AndroidManifest.xml:20:5-22:41
MERGED from [androidx.lifecycle:lifecycle-viewmodel-savedstate:2.2.0] AndroidManifest.xml:20:5-22:41
MERGED from [androidx.lifecycle:lifecycle-viewmodel:2.2.0] AndroidManifest.xml:20:5-22:41
MERGED from [androidx.lifecycle:lifecycle-viewmodel:2.2.0] AndroidManifest.xml:20:5-22:41
MERGED from [androidx.interpolator:interpolator:1.0.0] AndroidManifest.xml:20:5-44
MERGED from [androidx.interpolator:interpolator:1.0.0] AndroidManifest.xml:20:5-44
MERGED from [androidx.lifecycle:lifecycle-runtime:2.2.0] AndroidManifest.xml:20:5-22:41
MERGED from [androidx.lifecycle:lifecycle-runtime:2.2.0] AndroidManifest.xml:20:5-22:41
MERGED from [androidx.savedstate:savedstate:1.0.0] AndroidManifest.xml:20:5-22:41
MERGED from [androidx.savedstate:savedstate:1.0.0] AndroidManifest.xml:20:5-22:41
MERGED from [androidx.lifecycle:lifecycle-livedata:2.0.0] AndroidManifest.xml:20:5-44
MERGED from [androidx.lifecycle:lifecycle-livedata:2.0.0] AndroidManifest.xml:20:5-44
MERGED from [androidx.lifecycle:lifecycle-livedata-core:2.2.0] AndroidManifest.xml:20:5-22:41
MERGED from [androidx.lifecycle:lifecycle-livedata-core:2.2.0] AndroidManifest.xml:20:5-22:41
MERGED from [androidx.arch.core:core-runtime:2.1.0] AndroidManifest.xml:20:5-22:41
MERGED from [androidx.arch.core:core-runtime:2.1.0] AndroidManifest.xml:20:5-22:41
MERGED from [androidx.annotation:annotation-experimental:1.0.0] AndroidManifest.xml:20:5-22:41
MERGED from [androidx.annotation:annotation-experimental:1.0.0] AndroidManifest.xml:20:5-22:41
INJECTED from Downloads\ElevenMT\AndroidManifest-gradle.xml
INJECTED from Downloads\ElevenMT\AndroidManifest-gradle.xml
	android:targetSdkVersion
		INJECTED from Downloads\ElevenMT\AndroidManifest-gradle.xml
		ADDED from Downloads\ElevenMT\AndroidManifest-gradle.xml
		INJECTED from Downloads\ElevenMT\AndroidManifest-gradle.xml
	android:minSdkVersion
		INJECTED from Downloads\ElevenMT\AndroidManifest-gradle.xml
		ADDED from Downloads\ElevenMT\AndroidManifest-gradle.xml
		INJECTED from Downloads\ElevenMT\AndroidManifest-gradle.xml